<?xml version="1.0" encoding="UTF-8"?>
<!-- Generated by org.testng.reporters.JUnitXMLReporter -->
<testsuite hostname="YP1005009DT" name="Test-chrome" tests="14" failures="0" timestamp="24 Aug 2017 12:32:31 GMT" time="938.52" errors="0">
  <testcase name="test_Search" time="34.748" classname="TestCases.TestCase_Booking_smoke"/>
  <testcase name="select_ProductName" time="97.215" classname="TestCases.TestCase_Booking_smoke"/>
  <testcase name="test_Search" time="132.499" classname="TestCases.TestCase_Booking_smoke"/>
  <testcase name="select_ProductName" time="134.4" classname="TestCases.TestCase_Booking_smoke"/>
  <testcase name="test_Search" time="133.099" classname="TestCases.TestCase_Booking_smoke"/>
  <testcase name="select_ProductName" time="134.395" classname="TestCases.TestCase_Booking_smoke"/>
  <testcase name="test_Search" time="135.198" classname="TestCases.TestCase_Booking_smoke"/>
  <testcase name="select_ProductName" time="134.833" classname="TestCases.TestCase_Booking_smoke"/>
  <testcase name="test_Search" time="138.118" classname="TestCases.TestCase_Booking_smoke"/>
  <testcase name="select_ProductName" time="138.213" classname="TestCases.TestCase_Booking_smoke"/>
  <testcase name="test_Search" time="139.092" classname="TestCases.TestCase_Booking_smoke"/>
  <testcase name="select_ProductName" time="142.351" classname="TestCases.TestCase_Booking_smoke"/>
  <testcase name="test_Search" time="137.342" classname="TestCases.TestCase_Booking_smoke"/>
  <testcase name="select_ProductName" time="130.887" classname="TestCases.TestCase_Booking_smoke"/>
</testsuite> <!-- Test-chrome -->
