<?xml version="1.0" encoding="UTF-8"?>
<!-- Generated by org.testng.reporters.JUnitXMLReporter -->
<testsuite hostname="YP1005009DT" name="Test-firefox" tests="14" failures="0" timestamp="24 Aug 2017 12:16:52 GMT" time="21.177" errors="0">
  <testcase name="test_Search" time="1.331" classname="TestCases.TestCase_Booking_smoke"/>
  <testcase name="select_ProductName" time="1.449" classname="TestCases.TestCase_Booking_smoke"/>
  <testcase name="test_Search" time="1.162" classname="TestCases.TestCase_Booking_smoke"/>
  <testcase name="select_ProductName" time="1.211" classname="TestCases.TestCase_Booking_smoke"/>
  <testcase name="test_Search" time="1.172" classname="TestCases.TestCase_Booking_smoke"/>
  <testcase name="select_ProductName" time="1.257" classname="TestCases.TestCase_Booking_smoke"/>
  <testcase name="test_Search" time="2.432" classname="TestCases.TestCase_Booking_smoke"/>
  <testcase name="select_ProductName" time="2.561" classname="TestCases.TestCase_Booking_smoke"/>
  <testcase name="test_Search" time="1.245" classname="TestCases.TestCase_Booking_smoke"/>
  <testcase name="select_ProductName" time="1.326" classname="TestCases.TestCase_Booking_smoke"/>
  <testcase name="test_Search" time="1.21" classname="TestCases.TestCase_Booking_smoke"/>
  <testcase name="select_ProductName" time="1.332" classname="TestCases.TestCase_Booking_smoke"/>
  <testcase name="test_Search" time="1.149" classname="TestCases.TestCase_Booking_smoke"/>
  <testcase name="select_ProductName" time="1.231" classname="TestCases.TestCase_Booking_smoke"/>
</testsuite> <!-- Test-firefox -->
