<?xml version="1.0" encoding="UTF-8"?>
<!-- Generated by org.testng.reporters.JUnitXMLReporter -->
<testsuite hostname="YP1005009DT" name="Test-chrome" tests="7" failures="0" timestamp="11 Oct 2017 16:05:28 GMT" time="635.426" errors="0">
  <testcase name="select_ProductName" time="141.539" classname="TestCases.TestCase_Booking_smoke"/>
  <testcase name="select_ProductName" time="189.19" classname="TestCases.TestCase_Booking_smoke"/>
  <testcase name="select_ProductName" time="148.061" classname="TestCases.TestCase_Booking_smoke"/>
  <testcase name="select_ProductName" time="123.826" classname="TestCases.TestCase_Booking_smoke"/>
  <testcase name="select_ProductName" time="1.008" classname="TestCases.TestCase_Booking_smoke"/>
  <testcase name="select_ProductName" time="1.01" classname="TestCases.TestCase_Booking_smoke"/>
  <testcase name="select_ProductName" time="1.009" classname="TestCases.TestCase_Booking_smoke"/>
</testsuite> <!-- Test-chrome -->
