<?xml version="1.0" encoding="UTF-8"?>
<!-- Generated by org.testng.reporters.JUnitReportReporter -->
<testsuite hostname="YP1005009DT" name="Demo.Demo1.AppTest" tests="1" failures="0" timestamp="20 Jul 2017 06:33:52 GMT" time="0.036" errors="0">
  <testcase name="testApp" time="0.036" classname="Demo.Demo1.AppTest"/>
</testsuite> <!-- Demo.Demo1.AppTest -->
