<?xml version="1.0" encoding="UTF-8"?>
<!-- Generated by org.testng.reporters.JUnitReportReporter -->
<testsuite hostname="YP1005009DT" name="TestCases.TestCase_Booking_smoke" tests="14" failures="0" timestamp="7 Sep 2017 17:02:58 GMT" time="65.692" errors="0">
  <testcase name="test_Search" time="19.126" classname="TestCases.TestCase_Booking_smoke"/>
  <testcase name="select_ProductName" time="1.015" classname="TestCases.TestCase_Booking_smoke"/>
  <testcase name="select_ProductName" time="1.015" classname="TestCases.TestCase_Booking_smoke"/>
  <testcase name="select_ProductName" time="1.014" classname="TestCases.TestCase_Booking_smoke"/>
  <testcase name="select_ProductName" time="1.015" classname="TestCases.TestCase_Booking_smoke"/>
  <testcase name="select_ProductName" time="1.012" classname="TestCases.TestCase_Booking_smoke"/>
  <testcase name="select_ProductName" time="1.013" classname="TestCases.TestCase_Booking_smoke"/>
  <testcase name="select_ProductName" time="1.013" classname="TestCases.TestCase_Booking_smoke"/>
  <testcase name="test_Search" time="8.819" classname="TestCases.TestCase_Booking_smoke"/>
  <testcase name="test_Search" time="6.672" classname="TestCases.TestCase_Booking_smoke"/>
  <testcase name="test_Search" time="2.391" classname="TestCases.TestCase_Booking_smoke"/>
  <testcase name="test_Search" time="8.770" classname="TestCases.TestCase_Booking_smoke"/>
  <testcase name="test_Search" time="6.813" classname="TestCases.TestCase_Booking_smoke"/>
  <testcase name="test_Search" time="6.004" classname="TestCases.TestCase_Booking_smoke"/>
</testsuite> <!-- TestCases.TestCase_Booking_smoke -->
